[debug] [2022-01-31T19:59:44.094Z] ----------------------------------------------------------------------
[debug] [2022-01-31T19:59:44.102Z] Command:       C:\Program Files\nodejs\node.exe C:\Program Files\nodejs\node_modules\firebase-tools\lib\bin\firebase.js init
[debug] [2022-01-31T19:59:44.104Z] CLI Version:   10.1.3
[debug] [2022-01-31T19:59:44.104Z] Platform:      win32
[debug] [2022-01-31T19:59:44.105Z] Node Version:  v14.17.0
[debug] [2022-01-31T19:59:44.107Z] Time:          Mon Jan 31 2022 20:59:44 GMT+0100 (West Africa Standard Time)
[debug] [2022-01-31T19:59:44.108Z] ----------------------------------------------------------------------
[debug] 
[debug] [2022-01-31T19:59:44.138Z] > command requires scopes: ["email","openid","https://www.googleapis.com/auth/cloudplatformprojects.readonly","https://www.googleapis.com/auth/firebase","https://www.googleapis.com/auth/cloud-platform"]
[debug] [2022-01-31T19:59:44.140Z] > authorizing via signed-in user (rolawale92@gmail.com)
[info] 
     ######## #### ########  ######## ########     ###     ######  ########
     ##        ##  ##     ## ##       ##     ##  ##   ##  ##       ##
     ######    ##  ########  ######   ########  #########  ######  ######
     ##        ##  ##    ##  ##       ##     ## ##     ##       ## ##
     ##       #### ##     ## ######## ########  ##     ##  ######  ########

You're about to initialize a Firebase project in this directory:

  C:\Users\ADDEX\Desktop\web-projects\remotemore-client

[info] 
=== Project Setup
[info] 
[info] First, let's associate this project directory with a Firebase project.
[info] You can create multiple project aliases by running firebase use --add, 
[info] but for now we'll just set up a default project.
[info] 
[debug] [2022-01-31T20:00:04.330Z] > refreshing access token with scopes: []
[debug] [2022-01-31T20:00:04.333Z] >>> HTTP REQUEST POST https://www.googleapis.com/oauth2/v3/token  
 <request body omitted>
[debug] [2022-01-31T20:00:05.612Z] <<< HTTP RESPONSE 200 {"cache-control":"no-cache, no-store, max-age=0, must-revalidate","date":"Mon, 31 Jan 2022 20:00:06 GMT","expires":"Mon, 01 Jan 1990 00:00:00 GMT","pragma":"no-cache","content-type":"application/json; charset=utf-8","vary":"X-Origin, Referer, Origin,Accept-Encoding","server":"scaffolding on HTTPServer2","x-xss-protection":"0","x-frame-options":"SAMEORIGIN","x-content-type-options":"nosniff","alt-svc":"h3=\":443\"; ma=2592000,h3-29=\":443\"; ma=2592000,h3-Q050=\":443\"; ma=2592000,h3-Q046=\":443\"; ma=2592000,h3-Q043=\":443\"; ma=2592000,quic=\":443\"; ma=2592000; v=\"46,43\"","accept-ranges":"none","transfer-encoding":"chunked"}
[debug] [2022-01-31T20:00:05.708Z] >>> [apiv2][query] GET https://firebase.googleapis.com/v1beta1/projects pageSize=100
[debug] [2022-01-31T20:00:06.599Z] <<< [apiv2][status] GET https://firebase.googleapis.com/v1beta1/projects 200
[debug] [2022-01-31T20:00:06.600Z] <<< [apiv2][body] GET https://firebase.googleapis.com/v1beta1/projects [omitted]
[info] i  Using project remotemore-project (remotemore-project) 
[info] 
=== Hosting Setup
[info] 
[info] Your public directory is the folder (relative to your project directory) that
[info] will contain Hosting assets to be uploaded with firebase deploy. If you
[info] have a build process for your assets, use your build's output directory.
[info] 
[debug] [2022-01-31T20:02:12.143Z] >>> [apiv2][query] GET https://www.gstatic.com/firebasejs/releases.json [none]
[debug] [2022-01-31T20:02:12.439Z] <<< [apiv2][status] GET https://www.gstatic.com/firebasejs/releases.json 200
[debug] [2022-01-31T20:02:12.440Z] <<< [apiv2][body] GET https://www.gstatic.com/firebasejs/releases.json {"current":{"version":"9.6.5","browserURL":"https://www.gstatic.com/firebasejs/9.6.5/firebase.js","packageURL":"https://www.gstatic.com/firebasejs/9.6.5/firebase.tgz"},"live":{"version":"9.6","browserURL":"https://www.gstatic.com/firebasejs/live/9.6/firebase.js","packageURL":"https://www.gstatic.com/firebasejs/live/9.6/firebase.tgz"},"components":{"analytics":"https://www.gstatic.com/firebasejs/9.6.5/firebase-analytics.js","app":"https://www.gstatic.com/firebasejs/9.6.5/firebase-app.js","app-check":"https://www.gstatic.com/firebasejs/9.6.5/firebase-app-check.js","auth":"https://www.gstatic.com/firebasejs/9.6.5/firebase-auth.js","auth/cordova":"https://www.gstatic.com/firebasejs/9.6.5/firebase-auth/cordova.js","auth/react-native":"https://www.gstatic.com/firebasejs/9.6.5/firebase-auth/react-native.js","functions":"https://www.gstatic.com/firebasejs/9.6.5/firebase-functions.js","firestore":"https://www.gstatic.com/firebasejs/9.6.5/firebase-firestore.js","firestore/lite":"https://www.gstatic.com/firebasejs/9.6.5/firebase-firestore/lite.js","storage":"https://www.gstatic.com/firebasejs/9.6.5/firebase-storage.js","performance":"https://www.gstatic.com/firebasejs/9.6.5/firebase-performance.js","remote-config":"https://www.gstatic.com/firebasejs/9.6.5/firebase-remote-config.js","messaging":"https://www.gstatic.com/firebasejs/9.6.5/firebase-messaging.js","messaging/sw":"https://www.gstatic.com/firebasejs/9.6.5/firebase-messaging/sw.js","database":"https://www.gstatic.com/firebasejs/9.6.5/firebase-database.js","firestore.memory":"https://www.gstatic.com/firebasejs/9.6.5/firebase-firestore.memory.js"}}
[info] +  Wrote build/index.html 
[info] 
[info] i  Didn't detect a .git folder. Assuming C:\Users\ADDEX\Desktop\web-projects\remotemore-client is the project root. 
[info] i  Authorizing with GitHub to upload your service account to a GitHub repository's secrets store. 
[info] 
[info] Visit this URL on this device to log in:
[info] https://github.com/login/oauth/authorize?client_id=89cf50f02ac6aaed3484&state=1060195639&redirect_uri=http%3A%2F%2Flocalhost%3A9005&scope=read%3Auser%20repo%20public_repo
[info] 
[info] Waiting for authentication...
[debug] [2022-01-31T20:03:50.492Z] >>> HTTP REQUEST POST https://github.com/login/oauth/access_token  
 {"client_id":"89cf50f02ac6aaed3484","client_secret":"3330d14abc895d9a74d5f17cd7a00711fa2c5bf0","code":"e5e514c92b88e1b6f894","redirect_uri":"http://localhost:9005","state":"1060195639"}
[debug] [2022-01-31T20:03:51.221Z] <<< HTTP RESPONSE 200 {"server":"GitHub.com","date":"Mon, 31 Jan 2022 20:03:51 GMT","content-type":"application/json; charset=utf-8","transfer-encoding":"chunked","vary":"X-PJAX, X-PJAX-Container, Accept-Encoding, Accept, X-Requested-With","permissions-policy":"interest-cohort=()","etag":"W/\"373090d48ee641021f357529cdadc618\"","cache-control":"max-age=0, private, must-revalidate","strict-transport-security":"max-age=31536000; includeSubdomains; preload","x-frame-options":"deny","x-content-type-options":"nosniff","x-xss-protection":"0","referrer-policy":"origin-when-cross-origin, strict-origin-when-cross-origin","expect-ct":"max-age=2592000, report-uri=\"https://api.github.com/_private/browser/errors\"","content-security-policy":"default-src 'none'; base-uri 'self'; block-all-mixed-content; child-src github.com/assets-cdn/worker/ gist.github.com/assets-cdn/worker/; connect-src 'self' uploads.github.com objects-origin.githubusercontent.com www.githubstatus.com collector.githubapp.com api.github.com github-cloud.s3.amazonaws.com github-production-repository-file-5c1aeb.s3.amazonaws.com github-production-upload-manifest-file-7fdce7.s3.amazonaws.com github-production-user-asset-6210df.s3.amazonaws.com cdn.optimizely.com logx.optimizely.com/v1/events translator.github.com wss://alive.github.com; font-src github.githubassets.com; form-action 'self' github.com gist.github.com objects-origin.githubusercontent.com; frame-ancestors 'none'; frame-src render.githubusercontent.com viewscreen.githubusercontent.com notebooks.githubusercontent.com; img-src 'self' data: github.githubassets.com identicons.github.com collector.githubapp.com github-cloud.s3.amazonaws.com secured-user-images.githubusercontent.com/ *.githubusercontent.com; manifest-src 'self'; media-src github.com user-images.githubusercontent.com/; script-src github.githubassets.com; style-src 'unsafe-inline' github.githubassets.com; worker-src github.com/assets-cdn/worker/ gist.github.com/assets-cdn/worker/","x-github-request-id":"505D:746D:1B5AF8:1C72B9:61F840A7"}
[debug] [2022-01-31T20:03:51.275Z] >>> [apiv2][query] GET https://api.github.com/user [none]
[debug] [2022-01-31T20:03:52.080Z] <<< [apiv2][status] GET https://api.github.com/user 200
[debug] [2022-01-31T20:03:52.081Z] <<< [apiv2][body] GET https://api.github.com/user {"login":"Kola92","id":28545284,"node_id":"MDQ6VXNlcjI4NTQ1Mjg0","avatar_url":"https://avatars.githubusercontent.com/u/28545284?v=4","gravatar_id":"","url":"https://api.github.com/users/Kola92","html_url":"https://github.com/Kola92","followers_url":"https://api.github.com/users/Kola92/followers","following_url":"https://api.github.com/users/Kola92/following{/other_user}","gists_url":"https://api.github.com/users/Kola92/gists{/gist_id}","starred_url":"https://api.github.com/users/Kola92/starred{/owner}{/repo}","subscriptions_url":"https://api.github.com/users/Kola92/subscriptions","organizations_url":"https://api.github.com/users/Kola92/orgs","repos_url":"https://api.github.com/users/Kola92/repos","events_url":"https://api.github.com/users/Kola92/events{/privacy}","received_events_url":"https://api.github.com/users/Kola92/received_events","type":"User","site_admin":false,"name":"Adekola Olawale","company":null,"blog":"https://www.adekolaolawale.me","location":"Abuja, Nigeria","email":"rolawale92@gmail.com","hireable":true,"bio":"A web developer with over two years experience in designing and building web assets and websites that empowers brand identity to help serve customers better.","twitter_username":"olawale_adekola","public_repos":59,"public_gists":1,"followers":8,"following":41,"created_at":"2017-05-08T20:43:22Z","updated_at":"2022-01-30T18:24:55Z","private_gists":1,"total_private_repos":0,"owned_private_repos":0,"disk_usage":148667,"collaborators":0,"two_factor_authentication":false,"plan":{"name":"pro","space":976562499,"collaborators":0,"private_repos":9999}}
[info] 
[info] +  Success! Logged into GitHub as Kola92 
[info] 
